<?xml version="1.0" encoding="UTF-8"?>
<!-- Generated by org.testng.reporters.JUnitXMLReporter -->
<testsuite ignored="0" hostname="Chirags-MacBook-Pro.local" failures="0" tests="3" name="Default test" time="31.687" errors="0" timestamp="2023-01-10T18:10:53 IST">
  <testcase classname="com.crm.qa.testcases.LoginPageTest" name="loginPageTitleTest" time="0.009"/>
  <testcase classname="com.crm.qa.testcases.LoginPageTest" name="validateCRMLogoTest" time="0.031"/>
  <testcase classname="com.crm.qa.testcases.LoginPageTest" name="loginTest" time="9.185"/>
</testsuite> <!-- Default test -->
