<?xml version="1.0" encoding="UTF-8"?>
<testsuite xmlns:xsi="http://www.w3.org/2001/XMLSchema-instance" xsi:noNamespaceSchemaLocation="https://maven.apache.org/surefire/maven-surefire-plugin/xsd/surefire-test-report.xsd" name="TestSuite" time="305.262" tests="20" errors="0" skipped="8" failures="4">
  <properties>
[...]
</properties>
  <testcase name="launchBrowser" classname="FreeCRMMavenProject.FreeCRMMavenProject.AppTest" time="3.777"/>
  <testcase name="shouldAnswerWithTrue" classname="FreeCRMMavenProject.FreeCRMMavenProject.AppTest" time="0"/>
  <testcase name="verifyContactsLabel" classname="com.crm.qa.testcases.ContactsPageTest" time="2.291"/>
  <testcase name="selectContactsTest" classname="com.crm.qa.testcases.ContactsPageTest" time="12.484">
    <failure message="no such element: Unable to locate element: {&quot;method&quot;:&quot;xpath&quot;,&quot;selector&quot;:&quot;//a[text()=&apos;Naveen khunteta&apos;]//parent::td[@class=&apos;datalistrow&apos;]//preceding-sibling::td[@class=&apos;datalistrow&apos;]//input[@name=&apos;contact_id&apos;]&quot;}&#10;  (Session info: chrome=109.0.5414.119)&#10;For documentation on this error, please visit: https://selenium.dev/exceptions/#no_such_element&#10;Build info: version: &apos;4.7.2&apos;, revision: &apos;4d4020c3b7&apos;&#10;System info: os.name: &apos;Mac OS X&apos;, os.arch: &apos;aarch64&apos;, os.version: &apos;13.0.1&apos;, java.version: &apos;19.0.1&apos;&#10;Driver info: org.openqa.selenium.chrome.ChromeDriver&#10;Command: [320dd75def07579c2bdaf3c13add1dca, findElement {using=xpath, value=//a[text()=&apos;Naveen khunteta&apos;]//parent::td[@class=&apos;datalistrow&apos;]//preceding-sibling::td[@class=&apos;datalistrow&apos;]//input[@name=&apos;contact_id&apos;]}]&#10;Capabilities {acceptInsecureCerts: false, browserName: chrome, browserVersion: 109.0.5414.119, chrome: {chromedriverVersion: 109.0.5414.74 (e7c5703604da..., userDataDir: /var/folders/wv/7btdhzfn7yz...}, goog:chromeOptions: {debuggerAddress: localhost:65042}, networkConnectionEnabled: false, pageLoadStrategy: normal, platformName: MAC, proxy: Proxy(), se:cdp: ws://localhost:65042/devtoo..., se:cdpVersion: 109.0.5414.119, setWindowRect: true, strictFileInteractability: false, timeouts: {implicit: 0, pageLoad: 300000, script: 30000}, unhandledPromptBehavior: dismiss and notify, webauthn:extension:credBlob: true, webauthn:extension:largeBlob: true, webauthn:virtualAuthenticators: true}&#10;Session ID: 320dd75def07579c2bdaf3c13add1dca" type="org.openqa.selenium.NoSuchElementException">org.openqa.selenium.NoSuchElementException: 
no such element: Unable to locate element: {"method":"xpath","selector":"//a[text()='Naveen khunteta']//parent::td[@class='datalistrow']//preceding-sibling::td[@class='datalistrow']//input[@name='contact_id']"}
  (Session info: chrome=109.0.5414.119)
For documentation on this error, please visit: https://selenium.dev/exceptions/#no_such_element
Build info: version: '4.7.2', revision: '4d4020c3b7'
System info: os.name: 'Mac OS X', os.arch: 'aarch64', os.version: '13.0.1', java.version: '19.0.1'
Driver info: org.openqa.selenium.chrome.ChromeDriver
Command: [320dd75def07579c2bdaf3c13add1dca, findElement {using=xpath, value=//a[text()='Naveen khunteta']//parent::td[@class='datalistrow']//preceding-sibling::td[@class='datalistrow']//input[@name='contact_id']}]
Capabilities {acceptInsecureCerts: false, browserName: chrome, browserVersion: 109.0.5414.119, chrome: {chromedriverVersion: 109.0.5414.74 (e7c5703604da..., userDataDir: /var/folders/wv/7btdhzfn7yz...}, goog:chromeOptions: {debuggerAddress: localhost:65042}, networkConnectionEnabled: false, pageLoadStrategy: normal, platformName: MAC, proxy: Proxy(), se:cdp: ws://localhost:65042/devtoo..., se:cdpVersion: 109.0.5414.119, setWindowRect: true, strictFileInteractability: false, timeouts: {implicit: 0, pageLoad: 300000, script: 30000}, unhandledPromptBehavior: dismiss and notify, webauthn:extension:credBlob: true, webauthn:extension:largeBlob: true, webauthn:virtualAuthenticators: true}
Session ID: 320dd75def07579c2bdaf3c13add1dca
	at com.crm.qa.testcases.ContactsPageTest.selectContactsTest(ContactsPageTest.java:51)
</failure>
    <system-out><![CDATA[Before navigating to:' https://classic.freecrm.com/ '
Navigated to:' https://classic.freecrm.com/ '
Before change value of [[ChromeDriver: chrome on MAC (320dd75def07579c2bdaf3c13add1dca)] -> name: username] before any changes made
Element valued change to [[ChromeDriver: chrome on MAC (320dd75def07579c2bdaf3c13add1dca)] -> name: username]
Before change value of [[ChromeDriver: chrome on MAC (320dd75def07579c2bdaf3c13add1dca)] -> name: password] before any changes made
Element valued change to [[ChromeDriver: chrome on MAC (320dd75def07579c2bdaf3c13add1dca)] -> name: password]
Trying to click on [[ChromeDriver: chrome on MAC (320dd75def07579c2bdaf3c13add1dca)] -> xpath: //input[@type='submit']]
Clicked on [[ChromeDriver: chrome on MAC (320dd75def07579c2bdaf3c13add1dca)] -> xpath: //input[@type='submit']]
Trying to click on [[ChromeDriver: chrome on MAC (320dd75def07579c2bdaf3c13add1dca)] -> xpath: //a[contains(text(),'Contacts')]]
Clicked on [[ChromeDriver: chrome on MAC (320dd75def07579c2bdaf3c13add1dca)] -> xpath: //a[contains(text(),'Contacts')]]
Exception occurred: org.openqa.selenium.NoSuchElementException: no such element: Unable to locate element: {"method":"xpath","selector":"//a[text()='Naveen khunteta']//parent::td[@class='datalistrow']//preceding-sibling::td[@class='datalistrow']//input[@name='contact_id']"}
  (Session info: chrome=109.0.5414.119)
For documentation on this error, please visit: https://selenium.dev/exceptions/#no_such_element
Build info: version: '4.7.2', revision: '4d4020c3b7'
System info: os.name: 'Mac OS X', os.arch: 'aarch64', os.version: '13.0.1', java.version: '19.0.1'
Driver info: org.openqa.selenium.chrome.ChromeDriver
Command: [320dd75def07579c2bdaf3c13add1dca, findElement {using=xpath, value=//a[text()='Naveen khunteta']//parent::td[@class='datalistrow']//preceding-sibling::td[@class='datalistrow']//input[@name='contact_id']}]
Capabilities {acceptInsecureCerts: false, browserName: chrome, browserVersion: 109.0.5414.119, chrome: {chromedriverVersion: 109.0.5414.74 (e7c5703604da..., userDataDir: /var/folders/wv/7btdhzfn7yz...}, goog:chromeOptions: {debuggerAddress: localhost:65042}, networkConnectionEnabled: false, pageLoadStrategy: normal, platformName: MAC, proxy: Proxy(), se:cdp: ws://localhost:65042/devtoo..., se:cdpVersion: 109.0.5414.119, setWindowRect: true, strictFileInteractability: false, timeouts: {implicit: 0, pageLoad: 300000, script: 30000}, unhandledPromptBehavior: dismiss and notify, webauthn:extension:credBlob: true, webauthn:extension:largeBlob: true, webauthn:virtualAuthenticators: true}
Session ID: 320dd75def07579c2bdaf3c13add1dca
]]></system-out>
    <system-err><![CDATA[Starting ChromeDriver 109.0.5414.74 (e7c5703604daa9cc128ccf5a5d3e993513758913-refs/branch-heads/5414@{#1172}) on port 10338
Only local connections are allowed.
Please see https://chromedriver.chromium.org/security-considerations for suggestions on keeping ChromeDriver safe.
ChromeDriver was started successfully.
Feb 01, 2023 11:46:19 PM org.openqa.selenium.devtools.CdpVersionFinder findNearestMatch
WARNING: Unable to find an exact match for CDP version 109, so returning the closest version found: 108
]]></system-err>
  </testcase>
  <testcase name="selectMultiple" classname="com.crm.qa.testcases.ContactsPageTest" time="12.375">
    <failure message="no such element: Unable to locate element: {&quot;method&quot;:&quot;xpath&quot;,&quot;selector&quot;:&quot;//a[text()=&apos;Naveen khunteta&apos;]//parent::td[@class=&apos;datalistrow&apos;]//preceding-sibling::td[@class=&apos;datalistrow&apos;]//input[@name=&apos;contact_id&apos;]&quot;}&#10;  (Session info: chrome=109.0.5414.119)&#10;For documentation on this error, please visit: https://selenium.dev/exceptions/#no_such_element&#10;Build info: version: &apos;4.7.2&apos;, revision: &apos;4d4020c3b7&apos;&#10;System info: os.name: &apos;Mac OS X&apos;, os.arch: &apos;aarch64&apos;, os.version: &apos;13.0.1&apos;, java.version: &apos;19.0.1&apos;&#10;Driver info: org.openqa.selenium.chrome.ChromeDriver&#10;Command: [9547cd788f927e137ac655cb565061ae, findElement {using=xpath, value=//a[text()=&apos;Naveen khunteta&apos;]//parent::td[@class=&apos;datalistrow&apos;]//preceding-sibling::td[@class=&apos;datalistrow&apos;]//input[@name=&apos;contact_id&apos;]}]&#10;Capabilities {acceptInsecureCerts: false, browserName: chrome, browserVersion: 109.0.5414.119, chrome: {chromedriverVersion: 109.0.5414.74 (e7c5703604da..., userDataDir: /var/folders/wv/7btdhzfn7yz...}, goog:chromeOptions: {debuggerAddress: localhost:65168}, networkConnectionEnabled: false, pageLoadStrategy: normal, platformName: MAC, proxy: Proxy(), se:cdp: ws://localhost:65168/devtoo..., se:cdpVersion: 109.0.5414.119, setWindowRect: true, strictFileInteractability: false, timeouts: {implicit: 0, pageLoad: 300000, script: 30000}, unhandledPromptBehavior: dismiss and notify, webauthn:extension:credBlob: true, webauthn:extension:largeBlob: true, webauthn:virtualAuthenticators: true}&#10;Session ID: 9547cd788f927e137ac655cb565061ae" type="org.openqa.selenium.NoSuchElementException">org.openqa.selenium.NoSuchElementException: 
no such element: Unable to locate element: {"method":"xpath","selector":"//a[text()='Naveen khunteta']//parent::td[@class='datalistrow']//preceding-sibling::td[@class='datalistrow']//input[@name='contact_id']"}
  (Session info: chrome=109.0.5414.119)
For documentation on this error, please visit: https://selenium.dev/exceptions/#no_such_element
Build info: version: '4.7.2', revision: '4d4020c3b7'
System info: os.name: 'Mac OS X', os.arch: 'aarch64', os.version: '13.0.1', java.version: '19.0.1'
Driver info: org.openqa.selenium.chrome.ChromeDriver
Command: [9547cd788f927e137ac655cb565061ae, findElement {using=xpath, value=//a[text()='Naveen khunteta']//parent::td[@class='datalistrow']//preceding-sibling::td[@class='datalistrow']//input[@name='contact_id']}]
Capabilities {acceptInsecureCerts: false, browserName: chrome, browserVersion: 109.0.5414.119, chrome: {chromedriverVersion: 109.0.5414.74 (e7c5703604da..., userDataDir: /var/folders/wv/7btdhzfn7yz...}, goog:chromeOptions: {debuggerAddress: localhost:65168}, networkConnectionEnabled: false, pageLoadStrategy: normal, platformName: MAC, proxy: Proxy(), se:cdp: ws://localhost:65168/devtoo..., se:cdpVersion: 109.0.5414.119, setWindowRect: true, strictFileInteractability: false, timeouts: {implicit: 0, pageLoad: 300000, script: 30000}, unhandledPromptBehavior: dismiss and notify, webauthn:extension:credBlob: true, webauthn:extension:largeBlob: true, webauthn:virtualAuthenticators: true}
Session ID: 9547cd788f927e137ac655cb565061ae
	at com.crm.qa.testcases.ContactsPageTest.selectMultiple(ContactsPageTest.java:58)
</failure>
    <system-out><![CDATA[Before navigating to:' https://classic.freecrm.com/ '
Navigated to:' https://classic.freecrm.com/ '
Before change value of [[ChromeDriver: chrome on MAC (9547cd788f927e137ac655cb565061ae)] -> name: username] before any changes made
Element valued change to [[ChromeDriver: chrome on MAC (9547cd788f927e137ac655cb565061ae)] -> name: username]
Before change value of [[ChromeDriver: chrome on MAC (9547cd788f927e137ac655cb565061ae)] -> name: password] before any changes made
Element valued change to [[ChromeDriver: chrome on MAC (9547cd788f927e137ac655cb565061ae)] -> name: password]
Trying to click on [[ChromeDriver: chrome on MAC (9547cd788f927e137ac655cb565061ae)] -> xpath: //input[@type='submit']]
Clicked on [[ChromeDriver: chrome on MAC (9547cd788f927e137ac655cb565061ae)] -> xpath: //input[@type='submit']]
Trying to click on [[ChromeDriver: chrome on MAC (9547cd788f927e137ac655cb565061ae)] -> xpath: //a[contains(text(),'Contacts')]]
Clicked on [[ChromeDriver: chrome on MAC (9547cd788f927e137ac655cb565061ae)] -> xpath: //a[contains(text(),'Contacts')]]
Exception occurred: org.openqa.selenium.NoSuchElementException: no such element: Unable to locate element: {"method":"xpath","selector":"//a[text()='Naveen khunteta']//parent::td[@class='datalistrow']//preceding-sibling::td[@class='datalistrow']//input[@name='contact_id']"}
  (Session info: chrome=109.0.5414.119)
For documentation on this error, please visit: https://selenium.dev/exceptions/#no_such_element
Build info: version: '4.7.2', revision: '4d4020c3b7'
System info: os.name: 'Mac OS X', os.arch: 'aarch64', os.version: '13.0.1', java.version: '19.0.1'
Driver info: org.openqa.selenium.chrome.ChromeDriver
Command: [9547cd788f927e137ac655cb565061ae, findElement {using=xpath, value=//a[text()='Naveen khunteta']//parent::td[@class='datalistrow']//preceding-sibling::td[@class='datalistrow']//input[@name='contact_id']}]
Capabilities {acceptInsecureCerts: false, browserName: chrome, browserVersion: 109.0.5414.119, chrome: {chromedriverVersion: 109.0.5414.74 (e7c5703604da..., userDataDir: /var/folders/wv/7btdhzfn7yz...}, goog:chromeOptions: {debuggerAddress: localhost:65168}, networkConnectionEnabled: false, pageLoadStrategy: normal, platformName: MAC, proxy: Proxy(), se:cdp: ws://localhost:65168/devtoo..., se:cdpVersion: 109.0.5414.119, setWindowRect: true, strictFileInteractability: false, timeouts: {implicit: 0, pageLoad: 300000, script: 30000}, unhandledPromptBehavior: dismiss and notify, webauthn:extension:credBlob: true, webauthn:extension:largeBlob: true, webauthn:virtualAuthenticators: true}
Session ID: 9547cd788f927e137ac655cb565061ae
]]></system-out>
    <system-err><![CDATA[Starting ChromeDriver 109.0.5414.74 (e7c5703604daa9cc128ccf5a5d3e993513758913-refs/branch-heads/5414@{#1172}) on port 9080
Only local connections are allowed.
Please see https://chromedriver.chromium.org/security-considerations for suggestions on keeping ChromeDriver safe.
ChromeDriver was started successfully.
Feb 01, 2023 11:47:00 PM org.openqa.selenium.devtools.CdpVersionFinder findNearestMatch
WARNING: Unable to find an exact match for CDP version 109, so returning the closest version found: 108
]]></system-err>
  </testcase>
  <testcase name="validateCreateNewContactTest" classname="com.crm.qa.testcases.ContactsPageTest" time="6.58"/>
  <testcase name="validateCreateNewContactTest" classname="com.crm.qa.testcases.ContactsPageTest" time="6.37"/>
  <testcase name="validateCreateNewContactTest" classname="com.crm.qa.testcases.ContactsPageTest" time="6.52"/>
  <testcase name="setup" classname="com.crm.qa.testcases.HomePageTest" time="46.969">
    <failure message="timeout: Timed out receiving message from renderer: 20.000&#10;  (Session info: chrome=109.0.5414.119)&#10;Build info: version: &apos;4.7.2&apos;, revision: &apos;4d4020c3b7&apos;&#10;System info: os.name: &apos;Mac OS X&apos;, os.arch: &apos;aarch64&apos;, os.version: &apos;13.0.1&apos;, java.version: &apos;19.0.1&apos;&#10;Driver info: org.openqa.selenium.chrome.ChromeDriver&#10;Command: [1306d0a0ea04e81b174ad6b35fe17386, clickElement {id=6eaf95a1-962d-4161-9a3a-c14bedb2cf1a}]&#10;Capabilities {acceptInsecureCerts: false, browserName: chrome, browserVersion: 109.0.5414.119, chrome: {chromedriverVersion: 109.0.5414.74 (e7c5703604da..., userDataDir: /var/folders/wv/7btdhzfn7yz...}, goog:chromeOptions: {debuggerAddress: localhost:49298}, networkConnectionEnabled: false, pageLoadStrategy: normal, platformName: MAC, proxy: Proxy(), se:cdp: ws://localhost:49298/devtoo..., se:cdpVersion: 109.0.5414.119, setWindowRect: true, strictFileInteractability: false, timeouts: {implicit: 0, pageLoad: 300000, script: 30000}, unhandledPromptBehavior: dismiss and notify, webauthn:extension:credBlob: true, webauthn:extension:largeBlob: true, webauthn:virtualAuthenticators: true}&#10;Element: [[ChromeDriver: chrome on MAC (1306d0a0ea04e81b174ad6b35fe17386)] -&gt; xpath: //input[@type=&apos;submit&apos;]]&#10;Session ID: 1306d0a0ea04e81b174ad6b35fe17386" type="org.openqa.selenium.TimeoutException">org.openqa.selenium.TimeoutException: 
timeout: Timed out receiving message from renderer: 20.000
  (Session info: chrome=109.0.5414.119)
Build info: version: '4.7.2', revision: '4d4020c3b7'
System info: os.name: 'Mac OS X', os.arch: 'aarch64', os.version: '13.0.1', java.version: '19.0.1'
Driver info: org.openqa.selenium.chrome.ChromeDriver
Command: [1306d0a0ea04e81b174ad6b35fe17386, clickElement {id=6eaf95a1-962d-4161-9a3a-c14bedb2cf1a}]
Capabilities {acceptInsecureCerts: false, browserName: chrome, browserVersion: 109.0.5414.119, chrome: {chromedriverVersion: 109.0.5414.74 (e7c5703604da..., userDataDir: /var/folders/wv/7btdhzfn7yz...}, goog:chromeOptions: {debuggerAddress: localhost:49298}, networkConnectionEnabled: false, pageLoadStrategy: normal, platformName: MAC, proxy: Proxy(), se:cdp: ws://localhost:49298/devtoo..., se:cdpVersion: 109.0.5414.119, setWindowRect: true, strictFileInteractability: false, timeouts: {implicit: 0, pageLoad: 300000, script: 30000}, unhandledPromptBehavior: dismiss and notify, webauthn:extension:credBlob: true, webauthn:extension:largeBlob: true, webauthn:virtualAuthenticators: true}
Element: [[ChromeDriver: chrome on MAC (1306d0a0ea04e81b174ad6b35fe17386)] -> xpath: //input[@type='submit']]
Session ID: 1306d0a0ea04e81b174ad6b35fe17386
	at com.crm.qa.testcases.HomePageTest.setup(HomePageTest.java:29)
</failure>
    <system-out><![CDATA[Before navigating to:' https://classic.freecrm.com/ '
Navigated to:' https://classic.freecrm.com/ '
Before change value of [[ChromeDriver: chrome on MAC (1306d0a0ea04e81b174ad6b35fe17386)] -> name: username] before any changes made
Element valued change to [[ChromeDriver: chrome on MAC (1306d0a0ea04e81b174ad6b35fe17386)] -> name: username]
Before change value of [[ChromeDriver: chrome on MAC (1306d0a0ea04e81b174ad6b35fe17386)] -> name: password] before any changes made
Element valued change to [[ChromeDriver: chrome on MAC (1306d0a0ea04e81b174ad6b35fe17386)] -> name: password]
Trying to click on [[ChromeDriver: chrome on MAC (1306d0a0ea04e81b174ad6b35fe17386)] -> xpath: //input[@type='submit']]
Exception occurred: org.openqa.selenium.TimeoutException: timeout: Timed out receiving message from renderer: 20.000
  (Session info: chrome=109.0.5414.119)
Build info: version: '4.7.2', revision: '4d4020c3b7'
System info: os.name: 'Mac OS X', os.arch: 'aarch64', os.version: '13.0.1', java.version: '19.0.1'
Driver info: org.openqa.selenium.chrome.ChromeDriver
Command: [1306d0a0ea04e81b174ad6b35fe17386, clickElement {id=6eaf95a1-962d-4161-9a3a-c14bedb2cf1a}]
Capabilities {acceptInsecureCerts: false, browserName: chrome, browserVersion: 109.0.5414.119, chrome: {chromedriverVersion: 109.0.5414.74 (e7c5703604da..., userDataDir: /var/folders/wv/7btdhzfn7yz...}, goog:chromeOptions: {debuggerAddress: localhost:49298}, networkConnectionEnabled: false, pageLoadStrategy: normal, platformName: MAC, proxy: Proxy(), se:cdp: ws://localhost:49298/devtoo..., se:cdpVersion: 109.0.5414.119, setWindowRect: true, strictFileInteractability: false, timeouts: {implicit: 0, pageLoad: 300000, script: 30000}, unhandledPromptBehavior: dismiss and notify, webauthn:extension:credBlob: true, webauthn:extension:largeBlob: true, webauthn:virtualAuthenticators: true}
Element: [[ChromeDriver: chrome on MAC (1306d0a0ea04e81b174ad6b35fe17386)] -> xpath: //input[@type='submit']]
Session ID: 1306d0a0ea04e81b174ad6b35fe17386
]]></system-out>
    <system-err><![CDATA[Starting ChromeDriver 109.0.5414.74 (e7c5703604daa9cc128ccf5a5d3e993513758913-refs/branch-heads/5414@{#1172}) on port 15992
Only local connections are allowed.
Please see https://chromedriver.chromium.org/security-considerations for suggestions on keeping ChromeDriver safe.
ChromeDriver was started successfully.
Feb 01, 2023 11:49:09 PM org.openqa.selenium.devtools.CdpVersionFinder findNearestMatch
WARNING: Unable to find an exact match for CDP version 109, so returning the closest version found: 108
[1675275588.226][SEVERE]: Timed out receiving message from renderer: 20.000
[1675275588.227][SEVERE]: Timed out receiving message from renderer: 20.000
]]></system-err>
  </testcase>
  <testcase name="setup" classname="com.crm.qa.testcases.HomePageTest" time="0">
    <skipped/>
  </testcase>
  <testcase name="setup" classname="com.crm.qa.testcases.HomePageTest" time="0">
    <skipped/>
  </testcase>
  <testcase name="verifyHomePageTitleTest" classname="com.crm.qa.testcases.HomePageTest" time="0">
    <skipped message="timeout: Timed out receiving message from renderer: 20.000&#10;  (Session info: chrome=109.0.5414.119)&#10;Build info: version: &apos;4.7.2&apos;, revision: &apos;4d4020c3b7&apos;&#10;System info: os.name: &apos;Mac OS X&apos;, os.arch: &apos;aarch64&apos;, os.version: &apos;13.0.1&apos;, java.version: &apos;19.0.1&apos;&#10;Driver info: org.openqa.selenium.chrome.ChromeDriver&#10;Command: [1306d0a0ea04e81b174ad6b35fe17386, clickElement {id=6eaf95a1-962d-4161-9a3a-c14bedb2cf1a}]&#10;Capabilities {acceptInsecureCerts: false, browserName: chrome, browserVersion: 109.0.5414.119, chrome: {chromedriverVersion: 109.0.5414.74 (e7c5703604da..., userDataDir: /var/folders/wv/7btdhzfn7yz...}, goog:chromeOptions: {debuggerAddress: localhost:49298}, networkConnectionEnabled: false, pageLoadStrategy: normal, platformName: MAC, proxy: Proxy(), se:cdp: ws://localhost:49298/devtoo..., se:cdpVersion: 109.0.5414.119, setWindowRect: true, strictFileInteractability: false, timeouts: {implicit: 0, pageLoad: 300000, script: 30000}, unhandledPromptBehavior: dismiss and notify, webauthn:extension:credBlob: true, webauthn:extension:largeBlob: true, webauthn:virtualAuthenticators: true}&#10;Element: [[ChromeDriver: chrome on MAC (1306d0a0ea04e81b174ad6b35fe17386)] -&gt; xpath: //input[@type=&apos;submit&apos;]]&#10;Session ID: 1306d0a0ea04e81b174ad6b35fe17386"/>
  </testcase>
  <testcase name="teardown" classname="com.crm.qa.testcases.HomePageTest" time="0">
    <skipped/>
  </testcase>
  <testcase name="teardown" classname="com.crm.qa.testcases.HomePageTest" time="0">
    <skipped/>
  </testcase>
  <testcase name="teardown" classname="com.crm.qa.testcases.HomePageTest" time="0">
    <skipped/>
  </testcase>
  <testcase name="verifyCorrectUsername" classname="com.crm.qa.testcases.HomePageTest" time="0">
    <skipped message="timeout: Timed out receiving message from renderer: 20.000&#10;  (Session info: chrome=109.0.5414.119)&#10;Build info: version: &apos;4.7.2&apos;, revision: &apos;4d4020c3b7&apos;&#10;System info: os.name: &apos;Mac OS X&apos;, os.arch: &apos;aarch64&apos;, os.version: &apos;13.0.1&apos;, java.version: &apos;19.0.1&apos;&#10;Driver info: org.openqa.selenium.chrome.ChromeDriver&#10;Command: [1306d0a0ea04e81b174ad6b35fe17386, clickElement {id=6eaf95a1-962d-4161-9a3a-c14bedb2cf1a}]&#10;Capabilities {acceptInsecureCerts: false, browserName: chrome, browserVersion: 109.0.5414.119, chrome: {chromedriverVersion: 109.0.5414.74 (e7c5703604da..., userDataDir: /var/folders/wv/7btdhzfn7yz...}, goog:chromeOptions: {debuggerAddress: localhost:49298}, networkConnectionEnabled: false, pageLoadStrategy: normal, platformName: MAC, proxy: Proxy(), se:cdp: ws://localhost:49298/devtoo..., se:cdpVersion: 109.0.5414.119, setWindowRect: true, strictFileInteractability: false, timeouts: {implicit: 0, pageLoad: 300000, script: 30000}, unhandledPromptBehavior: dismiss and notify, webauthn:extension:credBlob: true, webauthn:extension:largeBlob: true, webauthn:virtualAuthenticators: true}&#10;Element: [[ChromeDriver: chrome on MAC (1306d0a0ea04e81b174ad6b35fe17386)] -&gt; xpath: //input[@type=&apos;submit&apos;]]&#10;Session ID: 1306d0a0ea04e81b174ad6b35fe17386"/>
  </testcase>
  <testcase name="verifyContactsLinkTest" classname="com.crm.qa.testcases.HomePageTest" time="0">
    <skipped message="timeout: Timed out receiving message from renderer: 20.000&#10;  (Session info: chrome=109.0.5414.119)&#10;Build info: version: &apos;4.7.2&apos;, revision: &apos;4d4020c3b7&apos;&#10;System info: os.name: &apos;Mac OS X&apos;, os.arch: &apos;aarch64&apos;, os.version: &apos;13.0.1&apos;, java.version: &apos;19.0.1&apos;&#10;Driver info: org.openqa.selenium.chrome.ChromeDriver&#10;Command: [1306d0a0ea04e81b174ad6b35fe17386, clickElement {id=6eaf95a1-962d-4161-9a3a-c14bedb2cf1a}]&#10;Capabilities {acceptInsecureCerts: false, browserName: chrome, browserVersion: 109.0.5414.119, chrome: {chromedriverVersion: 109.0.5414.74 (e7c5703604da..., userDataDir: /var/folders/wv/7btdhzfn7yz...}, goog:chromeOptions: {debuggerAddress: localhost:49298}, networkConnectionEnabled: false, pageLoadStrategy: normal, platformName: MAC, proxy: Proxy(), se:cdp: ws://localhost:49298/devtoo..., se:cdpVersion: 109.0.5414.119, setWindowRect: true, strictFileInteractability: false, timeouts: {implicit: 0, pageLoad: 300000, script: 30000}, unhandledPromptBehavior: dismiss and notify, webauthn:extension:credBlob: true, webauthn:extension:largeBlob: true, webauthn:virtualAuthenticators: true}&#10;Element: [[ChromeDriver: chrome on MAC (1306d0a0ea04e81b174ad6b35fe17386)] -&gt; xpath: //input[@type=&apos;submit&apos;]]&#10;Session ID: 1306d0a0ea04e81b174ad6b35fe17386"/>
  </testcase>
  <testcase name="loginPageTitleTest" classname="com.crm.qa.testcases.LoginPageTest" time="0.008"/>
  <testcase name="validateCRMLogoTest" classname="com.crm.qa.testcases.LoginPageTest" time="0.024"/>
  <testcase name="loginTest" classname="com.crm.qa.testcases.LoginPageTest" time="21.231">
    <failure message="timeout: Timed out receiving message from renderer: 20.000&#10;  (Session info: chrome=109.0.5414.119)&#10;Build info: version: &apos;4.7.2&apos;, revision: &apos;4d4020c3b7&apos;&#10;System info: os.name: &apos;Mac OS X&apos;, os.arch: &apos;aarch64&apos;, os.version: &apos;13.0.1&apos;, java.version: &apos;19.0.1&apos;&#10;Driver info: org.openqa.selenium.chrome.ChromeDriver&#10;Command: [928a78de6322a1882baded6c3172be3d, clickElement {id=111abcb1-1cbd-410d-9204-b0a4ea99c7d3}]&#10;Capabilities {acceptInsecureCerts: false, browserName: chrome, browserVersion: 109.0.5414.119, chrome: {chromedriverVersion: 109.0.5414.74 (e7c5703604da..., userDataDir: /var/folders/wv/7btdhzfn7yz...}, goog:chromeOptions: {debuggerAddress: localhost:49538}, networkConnectionEnabled: false, pageLoadStrategy: normal, platformName: MAC, proxy: Proxy(), se:cdp: ws://localhost:49538/devtoo..., se:cdpVersion: 109.0.5414.119, setWindowRect: true, strictFileInteractability: false, timeouts: {implicit: 0, pageLoad: 300000, script: 30000}, unhandledPromptBehavior: dismiss and notify, webauthn:extension:credBlob: true, webauthn:extension:largeBlob: true, webauthn:virtualAuthenticators: true}&#10;Element: [[ChromeDriver: chrome on MAC (928a78de6322a1882baded6c3172be3d)] -&gt; xpath: //input[@type=&apos;submit&apos;]]&#10;Session ID: 928a78de6322a1882baded6c3172be3d" type="org.openqa.selenium.TimeoutException">org.openqa.selenium.TimeoutException: 
timeout: Timed out receiving message from renderer: 20.000
  (Session info: chrome=109.0.5414.119)
Build info: version: '4.7.2', revision: '4d4020c3b7'
System info: os.name: 'Mac OS X', os.arch: 'aarch64', os.version: '13.0.1', java.version: '19.0.1'
Driver info: org.openqa.selenium.chrome.ChromeDriver
Command: [928a78de6322a1882baded6c3172be3d, clickElement {id=111abcb1-1cbd-410d-9204-b0a4ea99c7d3}]
Capabilities {acceptInsecureCerts: false, browserName: chrome, browserVersion: 109.0.5414.119, chrome: {chromedriverVersion: 109.0.5414.74 (e7c5703604da..., userDataDir: /var/folders/wv/7btdhzfn7yz...}, goog:chromeOptions: {debuggerAddress: localhost:49538}, networkConnectionEnabled: false, pageLoadStrategy: normal, platformName: MAC, proxy: Proxy(), se:cdp: ws://localhost:49538/devtoo..., se:cdpVersion: 109.0.5414.119, setWindowRect: true, strictFileInteractability: false, timeouts: {implicit: 0, pageLoad: 300000, script: 30000}, unhandledPromptBehavior: dismiss and notify, webauthn:extension:credBlob: true, webauthn:extension:largeBlob: true, webauthn:virtualAuthenticators: true}
Element: [[ChromeDriver: chrome on MAC (928a78de6322a1882baded6c3172be3d)] -> xpath: //input[@type='submit']]
Session ID: 928a78de6322a1882baded6c3172be3d
	at com.crm.qa.testcases.LoginPageTest.loginTest(LoginPageTest.java:39)
</failure>
    <system-out><![CDATA[Before navigating to:' https://classic.freecrm.com/ '
Navigated to:' https://classic.freecrm.com/ '
Before change value of [[ChromeDriver: chrome on MAC (928a78de6322a1882baded6c3172be3d)] -> name: username] before any changes made
Element valued change to [[ChromeDriver: chrome on MAC (928a78de6322a1882baded6c3172be3d)] -> name: username]
Before change value of [[ChromeDriver: chrome on MAC (928a78de6322a1882baded6c3172be3d)] -> name: password] before any changes made
Element valued change to [[ChromeDriver: chrome on MAC (928a78de6322a1882baded6c3172be3d)] -> name: password]
Trying to click on [[ChromeDriver: chrome on MAC (928a78de6322a1882baded6c3172be3d)] -> xpath: //input[@type='submit']]
Exception occurred: org.openqa.selenium.TimeoutException: timeout: Timed out receiving message from renderer: 20.000
  (Session info: chrome=109.0.5414.119)
Build info: version: '4.7.2', revision: '4d4020c3b7'
System info: os.name: 'Mac OS X', os.arch: 'aarch64', os.version: '13.0.1', java.version: '19.0.1'
Driver info: org.openqa.selenium.chrome.ChromeDriver
Command: [928a78de6322a1882baded6c3172be3d, clickElement {id=111abcb1-1cbd-410d-9204-b0a4ea99c7d3}]
Capabilities {acceptInsecureCerts: false, browserName: chrome, browserVersion: 109.0.5414.119, chrome: {chromedriverVersion: 109.0.5414.74 (e7c5703604da..., userDataDir: /var/folders/wv/7btdhzfn7yz...}, goog:chromeOptions: {debuggerAddress: localhost:49538}, networkConnectionEnabled: false, pageLoadStrategy: normal, platformName: MAC, proxy: Proxy(), se:cdp: ws://localhost:49538/devtoo..., se:cdpVersion: 109.0.5414.119, setWindowRect: true, strictFileInteractability: false, timeouts: {implicit: 0, pageLoad: 300000, script: 30000}, unhandledPromptBehavior: dismiss and notify, webauthn:extension:credBlob: true, webauthn:extension:largeBlob: true, webauthn:virtualAuthenticators: true}
Element: [[ChromeDriver: chrome on MAC (928a78de6322a1882baded6c3172be3d)] -> xpath: //input[@type='submit']]
Session ID: 928a78de6322a1882baded6c3172be3d
]]></system-out>
    <system-err><![CDATA[Starting ChromeDriver 109.0.5414.74 (e7c5703604daa9cc128ccf5a5d3e993513758913-refs/branch-heads/5414@{#1172}) on port 45279
Only local connections are allowed.
Please see https://chromedriver.chromium.org/security-considerations for suggestions on keeping ChromeDriver safe.
ChromeDriver was started successfully.
Feb 01, 2023 11:50:17 PM org.openqa.selenium.devtools.CdpVersionFinder findNearestMatch
WARNING: Unable to find an exact match for CDP version 109, so returning the closest version found: 108
[1675275652.273][SEVERE]: Timed out receiving message from renderer: 20.000
[1675275652.274][SEVERE]: Timed out receiving message from renderer: 20.000
]]></system-err>
  </testcase>
</testsuite>