<?xml version="1.0" encoding="UTF-8"?>
<testng-results ignored="0" total="3" passed="3" failed="0" skipped="0">
  <reporter-output>
  </reporter-output>
  <suite started-at="2023-02-01T23:35:03 IST" name="FreeCRMAutomationTestSuite" finished-at="2023-02-01T23:36:22 IST" duration-ms="79107">
    <groups>
    </groups>
    <test started-at="2023-02-01T23:35:03 IST" name="FreeCRMApplicationTestcases" finished-at="2023-02-01T23:36:22 IST" duration-ms="79107">
      <class name="com.crm.qa.testcases.HomePageTest">
        <test-method is-config="true" signature="setup()[pri:0, instance:com.crm.qa.testcases.HomePageTest@235ecd9f]" started-at="2023-02-01T23:35:03 IST" name="setup" finished-at="2023-02-01T23:35:29 IST" duration-ms="26409" status="PASS">
          <reporter-output>
          </reporter-output>
        </test-method> <!-- setup -->
        <test-method signature="verifyHomePageTitleTest()[pri:1, instance:com.crm.qa.testcases.HomePageTest@235ecd9f]" started-at="2023-02-01T23:35:29 IST" name="verifyHomePageTitleTest" finished-at="2023-02-01T23:35:29 IST" duration-ms="7" status="PASS">
          <reporter-output>
          </reporter-output>
        </test-method> <!-- verifyHomePageTitleTest -->
        <test-method is-config="true" signature="teardown()[pri:0, instance:com.crm.qa.testcases.HomePageTest@235ecd9f]" started-at="2023-02-01T23:35:29 IST" name="teardown" finished-at="2023-02-01T23:35:30 IST" duration-ms="113" status="PASS">
          <reporter-output>
          </reporter-output>
        </test-method> <!-- teardown -->
        <test-method is-config="true" signature="setup()[pri:0, instance:com.crm.qa.testcases.HomePageTest@235ecd9f]" started-at="2023-02-01T23:35:30 IST" name="setup" finished-at="2023-02-01T23:35:55 IST" duration-ms="25916" status="PASS">
          <reporter-output>
          </reporter-output>
        </test-method> <!-- setup -->
        <test-method signature="verifyCorrectUsername()[pri:2, instance:com.crm.qa.testcases.HomePageTest@235ecd9f]" started-at="2023-02-01T23:35:55 IST" name="verifyCorrectUsername" finished-at="2023-02-01T23:35:56 IST" duration-ms="49" status="PASS">
          <reporter-output>
          </reporter-output>
        </test-method> <!-- verifyCorrectUsername -->
        <test-method is-config="true" signature="teardown()[pri:0, instance:com.crm.qa.testcases.HomePageTest@235ecd9f]" started-at="2023-02-01T23:35:56 IST" name="teardown" finished-at="2023-02-01T23:35:56 IST" duration-ms="108" status="PASS">
          <reporter-output>
          </reporter-output>
        </test-method> <!-- teardown -->
        <test-method is-config="true" signature="setup()[pri:0, instance:com.crm.qa.testcases.HomePageTest@235ecd9f]" started-at="2023-02-01T23:35:56 IST" name="setup" finished-at="2023-02-01T23:36:19 IST" duration-ms="23636" status="PASS">
          <reporter-output>
          </reporter-output>
        </test-method> <!-- setup -->
        <test-method signature="verifyContactsLinkTest()[pri:3, instance:com.crm.qa.testcases.HomePageTest@235ecd9f]" started-at="2023-02-01T23:36:19 IST" name="verifyContactsLinkTest" finished-at="2023-02-01T23:36:22 IST" duration-ms="2734" status="PASS">
          <reporter-output>
          </reporter-output>
        </test-method> <!-- verifyContactsLinkTest -->
        <test-method is-config="true" signature="teardown()[pri:0, instance:com.crm.qa.testcases.HomePageTest@235ecd9f]" started-at="2023-02-01T23:36:22 IST" name="teardown" finished-at="2023-02-01T23:36:22 IST" duration-ms="111" status="PASS">
          <reporter-output>
          </reporter-output>
        </test-method> <!-- teardown -->
      </class> <!-- com.crm.qa.testcases.HomePageTest -->
    </test> <!-- FreeCRMApplicationTestcases -->
  </suite> <!-- FreeCRMAutomationTestSuite -->
</testng-results>
