<?xml version="1.0" encoding="UTF-8"?>
<testng-results ignored="0" total="3" passed="3" failed="0" skipped="0">
  <reporter-output>
  </reporter-output>
  <suite started-at="2023-01-10T18:10:21 IST" name="Default suite" finished-at="2023-01-10T18:10:53 IST" duration-ms="31687">
    <groups>
    </groups>
    <test started-at="2023-01-10T18:10:21 IST" name="Default test" finished-at="2023-01-10T18:10:53 IST" duration-ms="31687">
      <class name="com.crm.qa.testcases.LoginPageTest">
        <test-method is-config="true" signature="setUp()[pri:0, instance:com.crm.qa.testcases.LoginPageTest@58d75e99]" started-at="2023-01-10T18:10:21 IST" name="setUp" finished-at="2023-01-10T18:10:31 IST" duration-ms="9764" status="PASS">
          <reporter-output>
          </reporter-output>
        </test-method> <!-- setUp -->
        <test-method signature="loginPageTitleTest()[pri:1, instance:com.crm.qa.testcases.LoginPageTest@58d75e99]" started-at="2023-01-10T18:10:31 IST" name="loginPageTitleTest" finished-at="2023-01-10T18:10:31 IST" duration-ms="9" status="PASS">
          <reporter-output>
          </reporter-output>
        </test-method> <!-- loginPageTitleTest -->
        <test-method is-config="true" signature="tearDown()[pri:0, instance:com.crm.qa.testcases.LoginPageTest@58d75e99]" started-at="2023-01-10T18:10:31 IST" name="tearDown" finished-at="2023-01-10T18:10:31 IST" duration-ms="113" status="PASS">
          <reporter-output>
          </reporter-output>
        </test-method> <!-- tearDown -->
        <test-method is-config="true" signature="setUp()[pri:0, instance:com.crm.qa.testcases.LoginPageTest@58d75e99]" started-at="2023-01-10T18:10:31 IST" name="setUp" finished-at="2023-01-10T18:10:37 IST" duration-ms="6194" status="PASS">
          <reporter-output>
          </reporter-output>
        </test-method> <!-- setUp -->
        <test-method signature="validateCRMLogoTest()[pri:2, instance:com.crm.qa.testcases.LoginPageTest@58d75e99]" started-at="2023-01-10T18:10:37 IST" name="validateCRMLogoTest" finished-at="2023-01-10T18:10:37 IST" duration-ms="31" status="PASS">
          <reporter-output>
          </reporter-output>
        </test-method> <!-- validateCRMLogoTest -->
        <test-method is-config="true" signature="tearDown()[pri:0, instance:com.crm.qa.testcases.LoginPageTest@58d75e99]" started-at="2023-01-10T18:10:37 IST" name="tearDown" finished-at="2023-01-10T18:10:37 IST" duration-ms="109" status="PASS">
          <reporter-output>
          </reporter-output>
        </test-method> <!-- tearDown -->
        <test-method is-config="true" signature="setUp()[pri:0, instance:com.crm.qa.testcases.LoginPageTest@58d75e99]" started-at="2023-01-10T18:10:37 IST" name="setUp" finished-at="2023-01-10T18:10:44 IST" duration-ms="6143" status="PASS">
          <reporter-output>
          </reporter-output>
        </test-method> <!-- setUp -->
        <test-method signature="loginTest()[pri:3, instance:com.crm.qa.testcases.LoginPageTest@58d75e99]" started-at="2023-01-10T18:10:44 IST" name="loginTest" finished-at="2023-01-10T18:10:53 IST" duration-ms="9185" status="PASS">
          <reporter-output>
          </reporter-output>
        </test-method> <!-- loginTest -->
        <test-method is-config="true" signature="tearDown()[pri:0, instance:com.crm.qa.testcases.LoginPageTest@58d75e99]" started-at="2023-01-10T18:10:53 IST" name="tearDown" finished-at="2023-01-10T18:10:53 IST" duration-ms="120" status="PASS">
          <reporter-output>
          </reporter-output>
        </test-method> <!-- tearDown -->
      </class> <!-- com.crm.qa.testcases.LoginPageTest -->
    </test> <!-- Default test -->
  </suite> <!-- Default suite -->
</testng-results>
