<?xml version="1.0" encoding="UTF-8"?>
<!-- Generated by org.testng.reporters.JUnitXMLReporter -->
<testsuite ignored="0" hostname="Chirags-MacBook-Pro.local" failures="0" tests="3" name="FreeCRMApplicationTestcases" time="79.107" errors="0" timestamp="2023-02-01T23:36:22 IST">
  <testcase classname="com.crm.qa.testcases.HomePageTest" name="verifyHomePageTitleTest" time="0.007"/>
  <testcase classname="com.crm.qa.testcases.HomePageTest" name="verifyCorrectUsername" time="0.049"/>
  <testcase classname="com.crm.qa.testcases.HomePageTest" name="verifyContactsLinkTest" time="2.734"/>
</testsuite> <!-- FreeCRMApplicationTestcases -->
