<?xml version="1.0" encoding="UTF-8"?>
<!-- Generated by org.testng.reporters.JUnitXMLReporter -->
<testsuite ignored="0" hostname="Chirags-MacBook-Pro.local" failures="0" tests="12" name="FreeCRMApplicationTestcases" time="292.987" errors="0" timestamp="2023-02-02T00:37:21 IST">
  <testcase classname="com.crm.qa.testcases.LoginPageTest" name="loginPageTitleTest" time="0.011"/>
  <testcase classname="com.crm.qa.testcases.LoginPageTest" name="validateCRMLogoTest" time="0.03"/>
  <testcase classname="com.crm.qa.testcases.LoginPageTest" name="loginTest" time="13.344"/>
  <testcase classname="com.crm.qa.testcases.HomePageTest" name="verifyHomePageTitleTest" time="0.005"/>
  <testcase classname="com.crm.qa.testcases.HomePageTest" name="verifyCorrectUsername" time="0.045"/>
  <testcase classname="com.crm.qa.testcases.HomePageTest" name="verifyContactsLinkTest" time="3.268"/>
  <testcase classname="com.crm.qa.testcases.ContactsPageTest" name="verifyContactsLabel" time="2.047"/>
  <testcase classname="com.crm.qa.testcases.ContactsPageTest" name="selectContactsTest" time="2.242"/>
  <testcase classname="com.crm.qa.testcases.ContactsPageTest" name="selectMultiple" time="2.714"/>
  <testcase classname="com.crm.qa.testcases.ContactsPageTest" name="validateCreateNewContactTest" time="6.177"/>
  <testcase classname="com.crm.qa.testcases.ContactsPageTest" name="validateCreateNewContactTest" time="9.167"/>
  <testcase classname="com.crm.qa.testcases.ContactsPageTest" name="validateCreateNewContactTest" time="6.411"/>
</testsuite> <!-- FreeCRMApplicationTestcases -->
